NOTE from PE     0: MPP_DOMAINS_SET_STACK_SIZE: stack size set to    32768.
NOTE from PE     0: MPP_DOMAINS_SET_STACK_SIZE: stack size set to  5000000.
 
 Dumping coupler_mod/types tree
types/
      air_sea_gas_flux_generic/
            implementation/
                  ocmip2/
                        num_parameters = 2
                  duce/
                        num_parameters = 1
                  johnson/
                        num_parameters = 2
            num_flags = 0
            use_atm_pressure = T
            use_10m_wind_speed = T
            pass_through_ice = F
            atm/
                  name[1] = 'pcair'
                  name[2] = 'u10'
                  name[3] = 'psurf'
                  long_name[1] = 'Atmospheric concentration'
                  long_name[2] = 'Wind speed at 10 m'
                  long_name[3] = 'Surface atmospheric pressure'
                  units[1] = 'mol/mol'
                  units[2] = 'm/s'
                  units[3] = 'Pa'
            ice/
                  name[1] = 'alpha'
                  name[2] = 'csurf'
                  name[3] = 'sc_no'
                  long_name[1] = 'Solubility w.r.t. atmosphere'
                  long_name[2] = 'Ocean concentration'
                  long_name[3] = 'Schmidt number'
                  units[1] = 'mol/m^3/atm'
                  units[2] = 'mol/m^3'
                  units[3] = 'dimensionless'
            flux/
                  name[1] = 'flux'
                  name[2] = 'deltap'
                  name[3] = 'kw'
                  name[4] = 'flux0'
                  long_name[1] = 'Surface flux'
                  long_name[2] = 'Ocean-air delta pressure'
                  long_name[3] = 'Piston velocity'
                  long_name[4] = 'Surface flux no atm'
                  units[1] = 'mol/m^2/s'
                  units[2] = 'uatm'
                  units[3] = 'm/s'
                  units[4] = 'mol/m^2/s'
      air_sea_gas_flux/
            implementation/
                  ocmip2/
                        num_parameters = 2
                  ocmip2_data/
                        num_parameters = 2
                  linear/
                        num_parameters = 3
            num_flags = 0
            use_atm_pressure = T
            use_10m_wind_speed = T
            pass_through_ice = F
            atm/
                  name[1] = 'pcair'
                  name[2] = 'u10'
                  name[3] = 'psurf'
                  long_name[1] = 'Atmospheric concentration'
                  long_name[2] = 'Wind speed at 10 m'
                  long_name[3] = 'Surface atmospheric pressure'
                  units[1] = 'mol/mol'
                  units[2] = 'm/s'
                  units[3] = 'Pa'
            ice/
                  name[1] = 'alpha'
                  name[2] = 'csurf'
                  long_name[1] = 'Solubility from atmosphere times Schmidt number term'
                  long_name[2] = 'Ocean concentration times Schmidt number term'
                  units[1] = 'mol/m^3/atm'
                  units[2] = 'mol/m^3'
            flux/
                  name = 'flux'
                  long_name = 'Surface flux'
                  units = 'mol/m^2/s'
      air_sea_deposition/
            implementation/
                  dry/
                        num_parameters = 1
                  wet/
                        num_parameters = 1
            num_flags = 0
            use_atm_pressure = F
            use_10m_wind_speed = F
            pass_through_ice = T
            atm/
                  name = 'deposition'
                  long_name = 'Atmospheric deposition'
                  units = 'kg/m^2/s'
            ice/
                  name = NULL
                  long_name = NULL
                  units = NULL
            flux/
                  name = 'flux'
                  long_name = 'Surface deposition'
                  units = 'mol/m^2/s'
      land_sea_runoff/
            implementation/
                  river/
                        num_parameters = 1
            num_flags = 0
            use_atm_pressure = F
            use_10m_wind_speed = F
            pass_through_ice = T
            atm/
                  name = 'runoff'
                  long_name = 'Concentration in land runoff'
                  units = 'mol/m^3'
            ice/
                  name = NULL
                  long_name = NULL
                  units = NULL
            flux/
                  name = 'flux'
                  long_name = 'Concentration in land runoff'
                  units = 'mol/m^3'
NOTE from PE     0: open_param_file: MOM_input has been opened successfully.
NOTE from PE     0: open_param_file: MOM_override has been opened successfully.
NOTE from PE     0: close_param_file: MOM_input has been closed successfully.
NOTE from PE     0: close_param_file: MOM_override has been closed successfully.
 ==>Note from atmos_ocean_fluxes_mod(atmos_ocean_fluxes_init): No gas fluxes
NOTE from PE     0: callTree: ---> ocean_model_init(), ocean_model_MOM.F90
NOTE from PE     0: open_param_file: MOM_input has been opened successfully.
NOTE from PE     0: open_param_file: MOM_override has been opened successfully.
NOTE from PE     0: Found the optimum layout for auto-masking. Terminating iteration...
NOTE from PE     0: MOM_domains_init: reading maskmap information from MOM_auto_mask_table
 parse_mask_table: Number of domain regions masked in MOM_in =          392
 MOM_in domain decomposition
whalo =    4, ehalo =    4, shalo =    4, nhalo =    4
  X-AXIS =   47  47  47  47  47  47  47  46  46  46  46  46  46  46  46  46  46  46  46  46  46  46  46  46
             47  47  47  47  47  47  47
  Y-AXIS =   20  20  20  20  20  20  20  20  19  19  19  19  19  19  19  19  19  19  19  19  19  19  19  19
             19  19  19  19  19  19  19  19  19  19  19  19  19  19  19  19  19  19  19  19  19  19  19  19
             20  20  20  20  20  20  20  20
 MOM_inc domain decomposition
whalo =    2, ehalo =    2, shalo =    2, nhalo =    2
  X-AXIS =   24  24  24  24  23  23  23  23  23  23  23  23  23  23  23  22  23  23  23  23  23  23  23  23
             23  23  23  24  24  24  24
  Y-AXIS =   10  10  10  10  10  10  10  10  10  10  10  10  10  10  10  10  10  10   9   9   9   9   9   9
              9   9   9   9   9   9   9   9   9   9   9   9   9   9  10  10  10  10  10  10  10  10  10  10
             10  10  10  10  10  10  10  10
NOTE from PE     0: diag_manager_mod::diag_manager_init: diag_manager is using fms2_io
NOTE from PE     0: diag_manager_mod::diag_manager_init: prepend_date only supported when diag_manager_init is called with time_init present.
 MOM_in domain decomposition
whalo =    4, ehalo =    4, shalo =    4, nhalo =    4
  X-AXIS =   47  47  47  47  47  47  47  46  46  46  46  46  46  46  46  46  46  46  46  46  46  46  46  46
             47  47  47  47  47  47  47
  Y-AXIS =   20  20  20  20  20  20  20  20  19  19  19  19  19  19  19  19  19  19  19  19  19  19  19  19
             19  19  19  19  19  19  19  19  19  19  19  19  19  19  19  19  19  19  19  19  19  19  19  19
             20  20  20  20  20  20  20  20
 MOM_in domain decomposition
whalo =    2, ehalo =    2, shalo =    2, nhalo =    2
  X-AXIS =   24  24  24  24  23  23  23  23  23  23  23  23  23  23  23  22  23  23  23  23  23  23  23  23
             23  23  23  24  24  24  24
  Y-AXIS =   10  10  10  10  10  10  10  10  10  10  10  10  10  10  10  10  10  10   9   9   9   9   9   9
              9   9   9   9   9   9   9   9   9   9   9   9   9   9  10  10  10  10  10  10  10  10  10  10
             10  10  10  10  10  10  10  10
 MOM_MOSAIC domain decomposition
whalo =    9, ehalo =    9, shalo =    9, nhalo =    9
  X-AXIS =   94  94  94  94  94  94  94  92  92  92  92  92  92  92  92  92  92  92  92  92  92  92  92  92
             94  94  94  94  94  94  94
  Y-AXIS =   40  40  40  40  40  40  40  40  38  38  38  38  38  38  38  38  38  38  38  38  38  38  38  38
             38  38  38  38  38  38  38  38  38  38  38  38  38  38  38  38  38  38  38  38  38  38  38  38
             40  40  40  40  40  40  40  40
 MOM_MOSAIC domain decomposition
whalo =    4, ehalo =    4, shalo =    4, nhalo =    4
  X-AXIS =   47  47  47  47  47  47  47  46  46  46  46  46  46  46  46  46  46  46  46  46  46  46  46  46
             47  47  47  47  47  47  47
  Y-AXIS =   20  20  20  20  20  20  20  20  19  19  19  19  19  19  19  19  19  19  19  19  19  19  19  19
             19  19  19  19  19  19  19  19  19  19  19  19  19  19  19  19  19  19  19  19  19  19  19  19
             20  20  20  20  20  20  20  20
 MOM_in domain decomposition
whalo =    4, ehalo =    4, shalo =    4, nhalo =    4
  X-AXIS =   47  47  47  47  47  47  47  46  46  46  46  46  46  46  46  46  46  46  46  46  46  46  46  46
             47  47  47  47  47  47  47
  Y-AXIS =   20  20  20  20  20  20  20  20  19  19  19  19  19  19  19  19  19  19  19  19  19  19  19  19
             19  19  19  19  19  19  19  19  19  19  19  19  19  19  19  19  19  19  19  19  19  19  19  19
             20  20  20  20  20  20  20  20
 MOM_in domain decomposition
whalo =    2, ehalo =    2, shalo =    2, nhalo =    2
  X-AXIS =   24  24  24  24  23  23  23  23  23  23  23  23  23  23  23  22  23  23  23  23  23  23  23  23
             23  23  23  24  24  24  24
  Y-AXIS =   10  10  10  10  10  10  10  10  10  10  10  10  10  10  10  10  10  10   9   9   9   9   9   9
              9   9   9   9   9   9   9   9   9   9   9   9   9   9  10  10  10  10  10  10  10  10  10  10
             10  10  10  10  10  10  10  10
NOTE from PE     0: MOM_restart: MOM run restarted using : ./access-om3.mom6.r.1901-03-01-00000.nc
 MOM_in domain decomposition
whalo =    4, ehalo =    4, shalo =    4, nhalo =    4
  X-AXIS =   47  47  47  47  47  47  47  46  46  46  46  46  46  46  46  46  46  46  46  46  46  46  46  46
             47  47  47  47  47  47  47
  Y-AXIS =   20  20  20  20  20  20  20  20  19  19  19  19  19  19  19  19  19  19  19  19  19  19  19  19
             19  19  19  19  19  19  19  19  19  19  19  19  19  19  19  19  19  19  19  19  19  19  19  19
             20  20  20  20  20  20  20  20
 MOM_in domain decomposition
whalo =    2, ehalo =    2, shalo =    2, nhalo =    2
  X-AXIS =   24  24  24  24  23  23  23  23  23  23  23  23  23  23  23  22  23  23  23  23  23  23  23  23
             23  23  23  24  24  24  24
  Y-AXIS =   10  10  10  10  10  10  10  10  10  10  10  10  10  10  10  10  10  10   9   9   9   9   9   9
              9   9   9   9   9   9   9   9   9   9   9   9   9   9  10  10  10  10  10  10  10  10  10  10
             10  10  10  10  10  10  10  10
NOTE from PE     0: MOM_restart: MOM run restarted using : ./access-om3.mom6.r.1901-03-01-00000_1.nc
 MOM_in domain decomposition
whalo =    4, ehalo =    4, shalo =    4, nhalo =    4
  X-AXIS =   47  47  47  47  47  47  47  46  46  46  46  46  46  46  46  46  46  46  46  46  46  46  46  46
             47  47  47  47  47  47  47
  Y-AXIS =   20  20  20  20  20  20  20  20  19  19  19  19  19  19  19  19  19  19  19  19  19  19  19  19
             19  19  19  19  19  19  19  19  19  19  19  19  19  19  19  19  19  19  19  19  19  19  19  19
             20  20  20  20  20  20  20  20
 MOM_in domain decomposition
whalo =    2, ehalo =    2, shalo =    2, nhalo =    2
  X-AXIS =   24  24  24  24  23  23  23  23  23  23  23  23  23  23  23  22  23  23  23  23  23  23  23  23
             23  23  23  24  24  24  24
  Y-AXIS =   10  10  10  10  10  10  10  10  10  10  10  10  10  10  10  10  10  10   9   9   9   9   9   9
              9   9   9   9   9   9   9   9   9   9   9   9   9   9  10  10  10  10  10  10  10  10  10  10
             10  10  10  10  10  10  10  10
NOTE from PE     0: MOM_restart: MOM run restarted using : ./access-om3.mom6.r.1901-03-01-00000_2.nc

WARNING from PE     0: KVML is a deprecated parameter. Use KV_ML_INVZ2 instead.

 MOM_in domain decomposition
whalo =    4, ehalo =    4, shalo =    4, nhalo =    4
  X-AXIS =   47  47  47  47  47  47  47  46  46  46  46  46  46  46  46  46  46  46  46  46  46  46  46  46
             47  47  47  47  47  47  47
  Y-AXIS =   20  20  20  20  20  20  20  20  19  19  19  19  19  19  19  19  19  19  19  19  19  19  19  19
             19  19  19  19  19  19  19  19  19  19  19  19  19  19  19  19  19  19  19  19  19  19  19  19
             20  20  20  20  20  20  20  20
 MOM_in domain decomposition
whalo =    2, ehalo =    2, shalo =    2, nhalo =    2
  X-AXIS =   24  24  24  24  23  23  23  23  23  23  23  23  23  23  23  22  23  23  23  23  23  23  23  23
             23  23  23  24  24  24  24
  Y-AXIS =   10  10  10  10  10  10  10  10  10  10  10  10  10  10  10  10  10  10   9   9   9   9   9   9
              9   9   9   9   9   9   9   9   9   9   9   9   9   9  10  10  10  10  10  10  10  10  10  10
             10  10  10  10  10  10  10  10

WARNING from PE     0: bkgnd_mixing_init: a nonzero constant background diffusivity (KD) is specified along with HORIZ_VARYING_BACKGROUND

 MOM_in domain decomposition
whalo =    0, ehalo =    0, shalo =    0, nhalo =    0
  X-AXIS =   47  47  47  47  47  47  47  46  46  46  46  46  46  46  46  46  46  46  46  46  46  46  46  46
             47  47  47  47  47  47  47
  Y-AXIS =   20  20  20  20  20  20  20  20  19  19  19  19  19  19  19  19  19  19  19  19  19  19  19  19
             19  19  19  19  19  19  19  19  19  19  19  19  19  19  19  19  19  19  19  19  19  19  19  19
             20  20  20  20  20  20  20  20
NOTE from PE     0: data_override_mod: File data_table does not exist.
NOTE from PE     0: data_table is empty, not doing any data_overrides
